<?xml version="1.0" encoding="UTF-8"?>
<!-- Generated by org.testng.reporters.JUnitXMLReporter -->
<testsuite ignored="0" hostname="DESKTOP-M0FLA98" failures="1" tests="1" name="SmokeTest" time="3.384" errors="0" timestamp="2024-12-14T12:29:51 IST">
  <testcase classname="test.TC_004_CheckinTest" name="checkinTest" time="0.11">
    <failure type="java.lang.IllegalArgumentException" message="Keys to send should be a not null CharSequence">
      <![CDATA[java.lang.IllegalArgumentException: Keys to send should be a not null CharSequence
at org.openqa.selenium.remote.RemoteWebElement.sendKeys(RemoteWebElement.java:96)
at org.openqa.selenium.support.pagefactory.internal.LocatingElementHandler.invoke(LocatingElementHandler.java:51)
at jdk.proxy2/jdk.proxy2.$Proxy20.sendKeys(Unknown Source)
at utils.UtilityClass.sendKeysMethod(UtilityClass.java:65)
at pages.LoginPage.username(LoginPage.java:31)
at test.TC_004_CheckinTest.checkinTest(TC_004_CheckinTest.java:27)
at java.base/java.util.ArrayList.forEach(ArrayList.java:1597)
... Removed 27 stack frames]]>
    </failure>
  </testcase> <!-- checkinTest -->
</testsuite> <!-- SmokeTest -->
