<?xml version="1.0" encoding="UTF-8"?>
<!-- Generated by org.testng.reporters.JUnitXMLReporter -->
<testsuite ignored="8" hostname="DESKTOP-M0FLA98" failures="0" tests="3" name="ChromeTest" time="21.717" errors="0" timestamp="2024-12-14T13:54:12 IST">
  <testcase classname="test.TC_002_LoginTest" name="loginTest" time="0.85"/>
  <testcase classname="test.TC_002_LoginTest" name="loginTest" time="0.477"/>
  <testcase classname="test.TC_003_BookingTest" name="bookingTest" time="1.847"/>
  <testcase classname="base.ProjectSpecificationMethods" name="@AfterSuite reportClose" time="0.0">
    <ignored/>
  </testcase> <!-- @AfterSuite reportClose -->
  <testcase classname="base.ProjectSpecificationMethods" name="@AfterSuite reportClose" time="0.0">
    <ignored/>
  </testcase> <!-- @AfterSuite reportClose -->
  <testcase classname="base.ProjectSpecificationMethods" name="@BeforeSuite reportInitialization" time="0.0">
    <ignored/>
  </testcase> <!-- @BeforeSuite reportInitialization -->
  <testcase classname="base.ProjectSpecificationMethods" name="@AfterSuite reportClose" time="0.0">
    <ignored/>
  </testcase> <!-- @AfterSuite reportClose -->
  <testcase classname="base.ProjectSpecificationMethods" name="@BeforeSuite reportInitialization" time="0.0">
    <ignored/>
  </testcase> <!-- @BeforeSuite reportInitialization -->
  <testcase classname="base.ProjectSpecificationMethods" name="@BeforeSuite reportInitialization" time="0.0">
    <ignored/>
  </testcase> <!-- @BeforeSuite reportInitialization -->
  <testcase classname="base.ProjectSpecificationMethods" name="@AfterSuite reportClose" time="0.0">
    <ignored/>
  </testcase> <!-- @AfterSuite reportClose -->
  <testcase classname="base.ProjectSpecificationMethods" name="@BeforeSuite reportInitialization" time="0.0">
    <ignored/>
  </testcase> <!-- @BeforeSuite reportInitialization -->
</testsuite> <!-- ChromeTest -->
