<?xml version="1.0" encoding="UTF-8"?>
<!-- Generated by org.testng.reporters.JUnitXMLReporter -->
<testsuite ignored="6" hostname="DESKTOP-M0FLA98" failures="0" tests="5" name="ChromeTest" time="65.171" errors="0" timestamp="2024-12-15T13:20:10 IST">
  <testcase classname="test.TC_0001_RegisterResult" name="RegisterTest" time="21.456"/>
  <testcase classname="test.TC_002_LoginTest" name="loginTest" time="0.967"/>
  <testcase classname="test.TC_002_LoginTest" name="loginTest" time="0.833"/>
  <testcase classname="test.TC_003_BookingTest" name="bookingTest" time="2.157"/>
  <testcase classname="test.TC_004_CheckinTest" name="checkinTest" time="22.287"/>
  <testcase classname="base.ProjectSpecificationMethods" name="@BeforeSuite reportInitialization" time="0.0">
    <ignored/>
  </testcase> <!-- @BeforeSuite reportInitialization -->
  <testcase classname="base.ProjectSpecificationMethods" name="@BeforeSuite reportInitialization" time="0.0">
    <ignored/>
  </testcase> <!-- @BeforeSuite reportInitialization -->
  <testcase classname="base.ProjectSpecificationMethods" name="@BeforeSuite reportInitialization" time="0.0">
    <ignored/>
  </testcase> <!-- @BeforeSuite reportInitialization -->
  <testcase classname="base.ProjectSpecificationMethods" name="@AfterSuite reportClose" time="0.0">
    <ignored/>
  </testcase> <!-- @AfterSuite reportClose -->
  <testcase classname="base.ProjectSpecificationMethods" name="@AfterSuite reportClose" time="0.0">
    <ignored/>
  </testcase> <!-- @AfterSuite reportClose -->
  <testcase classname="base.ProjectSpecificationMethods" name="@AfterSuite reportClose" time="0.0">
    <ignored/>
  </testcase> <!-- @AfterSuite reportClose -->
</testsuite> <!-- ChromeTest -->
