<?xml version="1.0" encoding="UTF-8"?>
<testng-results ignored="0" total="1" passed="1" failed="0" skipped="0">
  <reporter-output>
  </reporter-output>
  <suite started-at="2024-12-15T12:37:52 IST" name="Suite" finished-at="2024-12-15T12:38:10 IST" duration-ms="17823">
    <groups>
    </groups>
    <test started-at="2024-12-15T12:37:52 IST" name="Test" finished-at="2024-12-15T12:38:10 IST" duration-ms="17823">
      <class name="test.TC_004_CheckinTest">
        <test-method is-config="true" signature="reportInitialization()[pri:0, instance:test.TC_004_CheckinTest@1f2586d6]" started-at="2024-12-15T12:37:51 IST" name="reportInitialization" finished-at="2024-12-15T12:37:52 IST" duration-ms="292" status="PASS">
          <reporter-output>
          </reporter-output>
        </test-method> <!-- reportInitialization -->
        <test-method is-config="true" signature="setup()[pri:0, instance:test.TC_004_CheckinTest@1f2586d6]" started-at="2024-12-15T12:37:52 IST" name="setup" finished-at="2024-12-15T12:37:52 IST" duration-ms="17" status="PASS">
          <reporter-output>
          </reporter-output>
        </test-method> <!-- setup -->
        <test-method is-config="true" signature="testDetails()[pri:0, instance:test.TC_004_CheckinTest@1f2586d6]" started-at="2024-12-15T12:37:52 IST" name="testDetails" finished-at="2024-12-15T12:37:52 IST" duration-ms="9" status="PASS">
          <reporter-output>
          </reporter-output>
        </test-method> <!-- testDetails -->
        <test-method is-config="true" signature="launchAndLoadURL(java.lang.String,java.lang.String)[pri:0, instance:test.TC_004_CheckinTest@1f2586d6]" started-at="2024-12-15T12:37:52 IST" name="launchAndLoadURL" finished-at="2024-12-15T12:37:56 IST" duration-ms="3889" status="PASS">
          <params>
            <param index="0">
              <value>
                <![CDATA[chrome]]>
              </value>
            </param>
            <param index="1">
              <value>
                <![CDATA[https://adactinhotelapp.com/index.php]]>
              </value>
            </param>
          </params>
          <reporter-output>
          </reporter-output>
        </test-method> <!-- launchAndLoadURL -->
        <test-method signature="checkinTest()[pri:0, instance:test.TC_004_CheckinTest@1f2586d6]" started-at="2024-12-15T12:37:56 IST" name="checkinTest" finished-at="2024-12-15T12:38:09 IST" duration-ms="13678" status="PASS">
          <reporter-output>
          </reporter-output>
        </test-method> <!-- checkinTest -->
        <test-method is-config="true" signature="browserClose()[pri:0, instance:test.TC_004_CheckinTest@1f2586d6]" started-at="2024-12-15T12:38:09 IST" name="browserClose" finished-at="2024-12-15T12:38:10 IST" duration-ms="200" status="PASS">
          <reporter-output>
          </reporter-output>
        </test-method> <!-- browserClose -->
        <test-method is-config="true" signature="reportClose()[pri:0, instance:test.TC_004_CheckinTest@1f2586d6]" started-at="2024-12-15T12:38:10 IST" name="reportClose" finished-at="2024-12-15T12:38:10 IST" duration-ms="873" status="PASS">
          <reporter-output>
          </reporter-output>
        </test-method> <!-- reportClose -->
      </class> <!-- test.TC_004_CheckinTest -->
    </test> <!-- Test -->
  </suite> <!-- Suite -->
</testng-results>
